d:\users\patrickbeatbender\documents\github\tp2_poo\tp2\tp2\debug\vc140.pdb
d:\users\patrickbeatbender\documents\github\tp2_poo\tp2\tp2\debug\vc140.idb
d:\users\patrickbeatbender\documents\github\tp2_poo\tp2\tp2\debug\affichage.obj
d:\users\patrickbeatbender\documents\github\tp2_poo\tp2\tp2\debug\arbitre.obj
d:\users\patrickbeatbender\documents\github\tp2_poo\tp2\tp2\debug\club.obj
d:\users\patrickbeatbender\documents\github\tp2_poo\tp2\tp2\debug\contrat.obj
d:\users\patrickbeatbender\documents\github\tp2_poo\tp2\tp2\debug\date.obj
d:\users\patrickbeatbender\documents\github\tp2_poo\tp2\tp2\debug\entraineur.obj
d:\users\patrickbeatbender\documents\github\tp2_poo\tp2\tp2\debug\equipe.obj
d:\users\patrickbeatbender\documents\github\tp2_poo\tp2\tp2\debug\joueur.obj
d:\users\patrickbeatbender\documents\github\tp2_poo\tp2\tp2\debug\joueur_autonome.obj
d:\users\patrickbeatbender\documents\github\tp2_poo\tp2\tp2\debug\joueur_n_autonome.obj
d:\users\patrickbeatbender\documents\github\tp2_poo\tp2\tp2\debug\liguesoccer.obj
d:\users\patrickbeatbender\documents\github\tp2_poo\tp2\tp2\debug\liguesoccerapp.obj
d:\users\patrickbeatbender\documents\github\tp2_poo\tp2\tp2\debug\match.obj
d:\users\patrickbeatbender\documents\github\tp2_poo\tp2\tp2\debug\palmares.obj
d:\users\patrickbeatbender\documents\github\tp2_poo\tp2\tp2\debug\parcours.obj
d:\users\patrickbeatbender\documents\github\tp2_poo\tp2\tp2\debug\periode.obj
d:\users\patrickbeatbender\documents\github\tp2_poo\tp2\tp2\debug\reglement.obj
d:\users\patrickbeatbender\documents\github\tp2_poo\tp2\tp2\debug\rencontres.obj
d:\users\patrickbeatbender\documents\github\tp2_poo\tp2\tp2\debug\resultat.obj
d:\users\patrickbeatbender\documents\github\tp2_poo\tp2\tp2\debug\rupture.obj
d:\users\patrickbeatbender\documents\github\tp2_poo\tp2\tp2\debug\sportif.obj
d:\users\patrickbeatbender\documents\github\tp2_poo\tp2\debug\tp2.pdb
d:\users\patrickbeatbender\documents\github\tp2_poo\tp2\tp2\debug\tp2.tlog\cl.command.1.tlog
d:\users\patrickbeatbender\documents\github\tp2_poo\tp2\tp2\debug\tp2.tlog\cl.read.1.tlog
d:\users\patrickbeatbender\documents\github\tp2_poo\tp2\tp2\debug\tp2.tlog\cl.write.1.tlog
d:\users\patrickbeatbender\documents\github\tp2_poo\tp2\tp2\debug\tp2.tlog\link-cvtres.read.1.tlog
d:\users\patrickbeatbender\documents\github\tp2_poo\tp2\tp2\debug\tp2.tlog\link-cvtres.write.1.tlog
d:\users\patrickbeatbender\documents\github\tp2_poo\tp2\tp2\debug\tp2.tlog\link-rc.read.1.tlog
d:\users\patrickbeatbender\documents\github\tp2_poo\tp2\tp2\debug\tp2.tlog\link-rc.write.1.tlog
d:\users\patrickbeatbender\documents\github\tp2_poo\tp2\tp2\debug\tp2.tlog\link.command.1.tlog
d:\users\patrickbeatbender\documents\github\tp2_poo\tp2\tp2\debug\tp2.tlog\link.read.1.tlog
d:\users\patrickbeatbender\documents\github\tp2_poo\tp2\tp2\debug\tp2.tlog\link.write.1.tlog
